Build started 2/10/2014 12:07:16 AM.
     1>Project "c:\Users\some random-azz dude\documents\visual studio 2013\Projects\JohnBranchProject\JohnBranchProject\JohnBranchProject.vcxproj" on node 2 (Rebuild target(s)).
     1>ClCompile:
         C:\Program Files (x86)\Microsoft Visual Studio 12.0\VC\bin\CL.exe /c /ZI /nologo /W3 /WX- /Od /Oy- /D WIN32 /D _DEBUG /D _WINDOWS /D _USRDLL /D JOHNBRANCHPROJECT_EXPORTS /D _WINDLL /D _UNICODE /D UNICODE /Gm /EHsc /RTC1 /MDd /GS /fp:precise /Zc:wchar_t /Zc:forScope /Yc"stdafx.h" /Fp"Debug\JohnBranchProject.pch" /Fo"Debug\\" /Fd"Debug\vc120.pdb" /Gd /TP /analyze- /errorReport:prompt stdafx.cpp
         stdafx.cpp
         C:\Program Files (x86)\Microsoft Visual Studio 12.0\VC\bin\CL.exe /c /ZI /nologo /W3 /WX- /Od /Oy- /D WIN32 /D _DEBUG /D _WINDOWS /D _USRDLL /D JOHNBRANCHPROJECT_EXPORTS /D _WINDLL /D _UNICODE /D UNICODE /Gm /EHsc /RTC1 /MDd /GS /fp:precise /Zc:wchar_t /Zc:forScope /Fo"Debug\\" /Fd"Debug\vc120.pdb" /Gd /TP /analyze- /errorReport:prompt Column.cpp Datum.cpp JohnBranchProject.cpp PrimaryKey.cpp
         PrimaryKey.cpp
         JohnBranchProject.cpp
         Datum.cpp
         Column.cpp
         Generating Code...
         C:\Program Files (x86)\Microsoft Visual Studio 12.0\VC\bin\CL.exe /c /ZI /nologo /W3 /WX- /Od /Oy- /D WIN32 /D _DEBUG /D _WINDOWS /D _USRDLL /D JOHNBRANCHPROJECT_EXPORTS /D _WINDLL /D _UNICODE /D UNICODE /Gm /EHsc /RTC1 /MDd /GS /fp:precise /Zc:wchar_t /Zc:forScope /Fo"Debug\\" /Fd"Debug\vc120.pdb" /Gd /TP /analyze- /errorReport:prompt dllmain.cpp
         dllmain.cpp
       Link:
         C:\Program Files (x86)\Microsoft Visual Studio 12.0\VC\bin\link.exe /ERRORREPORT:PROMPT /OUT:"c:\users\some random-azz dude\documents\visual studio 2013\Projects\JohnBranchProject\Debug\JohnBranchProject.dll" /INCREMENTAL /NOLOGO kernel32.lib user32.lib gdi32.lib winspool.lib comdlg32.lib advapi32.lib shell32.lib ole32.lib oleaut32.lib uuid.lib odbc32.lib odbccp32.lib /MANIFEST /MANIFESTUAC:"level='asInvoker' uiAccess='false'" /manifest:embed /DEBUG /PDB:"c:\users\some random-azz dude\documents\visual studio 2013\Projects\JohnBranchProject\Debug\JohnBranchProject.pdb" /SUBSYSTEM:WINDOWS /TLBID:1 /DYNAMICBASE /NXCOMPAT /IMPLIB:"c:\users\some random-azz dude\documents\visual studio 2013\Projects\JohnBranchProject\Debug\JohnBranchProject.lib" /MACHINE:X86 /DLL Debug\Column.obj
         Debug\Datum.obj
         Debug\dllmain.obj
         Debug\JohnBranchProject.obj
         Debug\PrimaryKey.obj
         Debug\stdafx.obj
         JohnBranchProject.vcxproj -> c:\users\some random-azz dude\documents\visual studio 2013\Projects\JohnBranchProject\Debug\JohnBranchProject.dll
     1>Done Building Project "c:\Users\some random-azz dude\documents\visual studio 2013\Projects\JohnBranchProject\JohnBranchProject\JohnBranchProject.vcxproj" (Rebuild target(s)).

Build succeeded.

Time Elapsed 00:00:02.39
