C:\USERS\SOME RANDOM-AZZ DUDE\DOCUMENTS\GITHUB\TEMP2\PROJECT_1\PROJECT_1\DEBUG\PROJECT_1.PCH
C:\USERS\SOME RANDOM-AZZ DUDE\DOCUMENTS\GITHUB\TEMP2\PROJECT_1\PROJECT_1\DEBUG\STDAFX.OBJ
C:\USERS\SOME RANDOM-AZZ DUDE\DOCUMENTS\GITHUB\TEMP2\PROJECT_1\PROJECT_1\DEBUG\VC110.PDB
C:\USERS\SOME RANDOM-AZZ DUDE\DOCUMENTS\GITHUB\TEMP2\PROJECT_1\PROJECT_1\DEBUG\DATUM.OBJ
C:\USERS\SOME RANDOM-AZZ DUDE\DOCUMENTS\GITHUB\TEMP2\PROJECT_1\PROJECT_1\DEBUG\ENGINE.OBJ
C:\USERS\SOME RANDOM-AZZ DUDE\DOCUMENTS\GITHUB\TEMP2\PROJECT_1\PROJECT_1\DEBUG\PARSE.OBJ
C:\USERS\SOME RANDOM-AZZ DUDE\DOCUMENTS\GITHUB\TEMP2\PROJECT_1\PROJECT_1\DEBUG\PROJECT_1.OBJ
C:\USERS\SOME RANDOM-AZZ DUDE\DOCUMENTS\GITHUB\TEMP2\PROJECT_1\PROJECT_1\DEBUG\TABLE.OBJ
C:\USERS\SOME RANDOM-AZZ DUDE\DOCUMENTS\GITHUB\TEMP2\PROJECT_1\PROJECT_1\DEBUG\DLLMAIN.OBJ
C:\USERS\SOME RANDOM-AZZ DUDE\DOCUMENTS\GITHUB\TEMP2\PROJECT_1\DEBUG\PROJECT_1.LIB
C:\Users\SOME RANDOM-AZZ DUDE\Documents\GitHub\temp2\Project_1\Project_1\Debug\Datum.obj
C:\Users\SOME RANDOM-AZZ DUDE\Documents\GitHub\temp2\Project_1\Project_1\Debug\dllmain.obj
C:\Users\SOME RANDOM-AZZ DUDE\Documents\GitHub\temp2\Project_1\Project_1\Debug\Engine.obj
C:\Users\SOME RANDOM-AZZ DUDE\Documents\GitHub\temp2\Project_1\Project_1\Debug\Parse.obj
C:\Users\SOME RANDOM-AZZ DUDE\Documents\GitHub\temp2\Project_1\Project_1\Debug\Project_1.obj
C:\Users\SOME RANDOM-AZZ DUDE\Documents\GitHub\temp2\Project_1\Project_1\Debug\stdafx.obj
C:\Users\SOME RANDOM-AZZ DUDE\Documents\GitHub\temp2\Project_1\Project_1\Debug\Table.obj
C:\Users\SOME RANDOM-AZZ DUDE\Documents\GitHub\temp2\Project_1\Project_1\Debug\cl.command.1.tlog
C:\Users\SOME RANDOM-AZZ DUDE\Documents\GitHub\temp2\Project_1\Project_1\Debug\CL.read.1.tlog
C:\Users\SOME RANDOM-AZZ DUDE\Documents\GitHub\temp2\Project_1\Project_1\Debug\CL.write.1.tlog
C:\Users\SOME RANDOM-AZZ DUDE\Documents\GitHub\temp2\Project_1\Project_1\Debug\Lib-link.read.1.tlog
C:\Users\SOME RANDOM-AZZ DUDE\Documents\GitHub\temp2\Project_1\Project_1\Debug\Lib-link.write.1.tlog
C:\Users\SOME RANDOM-AZZ DUDE\Documents\GitHub\temp2\Project_1\Project_1\Debug\lib.command.1.tlog
C:\Users\SOME RANDOM-AZZ DUDE\Documents\GitHub\temp2\Project_1\Project_1\Debug\Project_1.pch
C:\Users\SOME RANDOM-AZZ DUDE\Documents\GitHub\temp2\Project_1\Project_1\Debug\vc110.idb
C:\Users\SOME RANDOM-AZZ DUDE\Documents\GitHub\temp2\Project_1\Project_1\Debug\vc110.pdb
C:\Users\SOME RANDOM-AZZ DUDE\Documents\GitHub\temp2\Project_1\Debug\Project_1.lib
