C:\USERS\SOME RANDOM-AZZ DUDE\DOCUMENTS\GITHUB\TEMP2\PROJECT_1\APPLICATION\DEBUG\APPLICATION.OBJ
C:\USERS\SOME RANDOM-AZZ DUDE\DOCUMENTS\GITHUB\TEMP2\PROJECT_1\APPLICATION\DEBUG\STDAFX.OBJ
C:\USERS\SOME RANDOM-AZZ DUDE\DOCUMENTS\GITHUB\TEMP2\PROJECT_1\APPLICATION\DEBUG\VC110.PDB
C:\USERS\SOME RANDOM-AZZ DUDE\DOCUMENTS\GITHUB\TEMP2\PROJECT_1\DEBUG\APPLICATION.ILK
C:\USERS\SOME RANDOM-AZZ DUDE\DOCUMENTS\GITHUB\TEMP2\PROJECT_1\DEBUG\APPLICATION.EXE
C:\USERS\SOME RANDOM-AZZ DUDE\DOCUMENTS\GITHUB\TEMP2\PROJECT_1\DEBUG\APPLICATION.PDB
C:\Users\SOME RANDOM-AZZ DUDE\Documents\GitHub\temp2\Project_1\Application\Debug\Application.obj
C:\Users\SOME RANDOM-AZZ DUDE\Documents\GitHub\temp2\Project_1\Application\Debug\stdafx.obj
C:\Users\SOME RANDOM-AZZ DUDE\Documents\GitHub\temp2\Project_1\Application\Debug\cl.command.1.tlog
C:\Users\SOME RANDOM-AZZ DUDE\Documents\GitHub\temp2\Project_1\Application\Debug\CL.read.1.tlog
C:\Users\SOME RANDOM-AZZ DUDE\Documents\GitHub\temp2\Project_1\Application\Debug\CL.write.1.tlog
C:\Users\SOME RANDOM-AZZ DUDE\Documents\GitHub\temp2\Project_1\Application\Debug\link-cvtres.read.1.tlog
C:\Users\SOME RANDOM-AZZ DUDE\Documents\GitHub\temp2\Project_1\Application\Debug\link-cvtres.write.1.tlog
C:\Users\SOME RANDOM-AZZ DUDE\Documents\GitHub\temp2\Project_1\Application\Debug\link-rc.read.1.tlog
C:\Users\SOME RANDOM-AZZ DUDE\Documents\GitHub\temp2\Project_1\Application\Debug\link-rc.write.1.tlog
C:\Users\SOME RANDOM-AZZ DUDE\Documents\GitHub\temp2\Project_1\Application\Debug\link.command.1.tlog
C:\Users\SOME RANDOM-AZZ DUDE\Documents\GitHub\temp2\Project_1\Application\Debug\link.read.1.tlog
C:\Users\SOME RANDOM-AZZ DUDE\Documents\GitHub\temp2\Project_1\Application\Debug\link.write.1.tlog
C:\Users\SOME RANDOM-AZZ DUDE\Documents\GitHub\temp2\Project_1\Application\Debug\vc110.idb
C:\Users\SOME RANDOM-AZZ DUDE\Documents\GitHub\temp2\Project_1\Application\Debug\vc110.pdb
C:\Users\SOME RANDOM-AZZ DUDE\Documents\GitHub\temp2\Project_1\Debug\Application.pdb
C:\Users\SOME RANDOM-AZZ DUDE\Documents\GitHub\temp2\Project_1\Debug\Application.exe
C:\Users\SOME RANDOM-AZZ DUDE\Documents\GitHub\temp2\Project_1\Debug\Application.ilk
